# Logfile created on 2016-10-08 21:33:06 +0500 by logger.rb/44203
I, [2016-10-08T21:33:06.990714 #27514]  INFO -- : 0:  blankslate (2.1.2.4) from /home/stepan/.rbenv/versions/2.1.0/lib/ruby/gems/2.1.0/specifications/blankslate-2.1.2.4.gemspec
I, [2016-10-08T21:33:11.100732 #27514]  INFO -- : 0:  hitimes (1.2.3) from /home/stepan/.rbenv/versions/2.1.0/lib/ruby/gems/2.1.0/specifications/hitimes-1.2.3.gemspec
I, [2016-10-08T21:33:12.085925 #27514]  INFO -- : 0:  timers (4.0.4) from /home/stepan/.rbenv/versions/2.1.0/lib/ruby/gems/2.1.0/specifications/timers-4.0.4.gemspec
I, [2016-10-08T21:33:12.796159 #27514]  INFO -- : 0:  celluloid (0.16.0) from /home/stepan/.rbenv/versions/2.1.0/lib/ruby/gems/2.1.0/specifications/celluloid-0.16.0.gemspec
I, [2016-10-08T21:33:12.796763 #27514]  INFO -- : 0:  fast-stemmer (1.0.2) from /home/stepan/.rbenv/versions/2.1.0/lib/ruby/gems/2.1.0/specifications/fast-stemmer-1.0.2.gemspec
I, [2016-10-08T21:33:13.780143 #27514]  INFO -- : 0:  classifier-reborn (2.0.3) from /home/stepan/.rbenv/versions/2.1.0/lib/ruby/gems/2.1.0/specifications/classifier-reborn-2.0.3.gemspec
I, [2016-10-08T21:33:14.539033 #27514]  INFO -- : 0:  coffee-script-source (1.9.1.1) from /home/stepan/.rbenv/versions/2.1.0/lib/ruby/gems/2.1.0/specifications/coffee-script-source-1.9.1.1.gemspec
I, [2016-10-08T21:33:16.163881 #27514]  INFO -- : 0:  execjs (2.5.2) from /home/stepan/.rbenv/versions/2.1.0/lib/ruby/gems/2.1.0/specifications/execjs-2.5.2.gemspec
I, [2016-10-08T21:33:16.606411 #27514]  INFO -- : 0:  coffee-script (2.4.1) from /home/stepan/.rbenv/versions/2.1.0/lib/ruby/gems/2.1.0/specifications/coffee-script-2.4.1.gemspec
I, [2016-10-08T21:33:16.606976 #27514]  INFO -- : 0:  colorator (0.1) from /home/stepan/.rbenv/versions/2.1.0/lib/ruby/gems/2.1.0/specifications/colorator-0.1.gemspec
I, [2016-10-08T21:33:27.443057 #27514]  INFO -- : 0:  ffi (1.9.10) from /home/stepan/.rbenv/versions/2.1.0/lib/ruby/gems/2.1.0/specifications/ffi-1.9.10.gemspec
I, [2016-10-08T21:33:27.984306 #27514]  INFO -- : 0:  jekyll-coffeescript (1.0.1) from /home/stepan/.rbenv/versions/2.1.0/lib/ruby/gems/2.1.0/specifications/jekyll-coffeescript-1.0.1.gemspec
I, [2016-10-08T21:33:34.254244 #27514]  INFO -- : 0:  jekyll-gist (1.3.0) from /home/stepan/.rbenv/versions/2.1.0/lib/ruby/gems/2.1.0/specifications/jekyll-gist-1.3.0.gemspec
I, [2016-10-08T21:33:34.838976 #27514]  INFO -- : 0:  jekyll-paginate (1.1.0) from /home/stepan/.rbenv/versions/2.1.0/lib/ruby/gems/2.1.0/specifications/jekyll-paginate-1.1.0.gemspec
I, [2016-10-08T21:33:38.143121 #27514]  INFO -- : 0:  sass (3.4.16) from /home/stepan/.rbenv/versions/2.1.0/lib/ruby/gems/2.1.0/specifications/sass-3.4.16.gemspec
I, [2016-10-08T21:33:39.642369 #27514]  INFO -- : 0:  jekyll-sass-converter (1.3.0) from /home/stepan/.rbenv/versions/2.1.0/lib/ruby/gems/2.1.0/specifications/jekyll-sass-converter-1.3.0.gemspec
I, [2016-10-08T21:33:41.577541 #27514]  INFO -- : 0:  rb-fsevent (0.9.5) from /home/stepan/.rbenv/versions/2.1.0/lib/ruby/gems/2.1.0/specifications/rb-fsevent-0.9.5.gemspec
I, [2016-10-08T21:33:43.103541 #27514]  INFO -- : 0:  rb-inotify (0.9.5) from /home/stepan/.rbenv/versions/2.1.0/lib/ruby/gems/2.1.0/specifications/rb-inotify-0.9.5.gemspec
I, [2016-10-08T21:33:44.146138 #27514]  INFO -- : 0:  listen (2.10.1) from /home/stepan/.rbenv/versions/2.1.0/lib/ruby/gems/2.1.0/specifications/listen-2.10.1.gemspec
I, [2016-10-08T21:33:45.429920 #27514]  INFO -- : 0:  jekyll-watch (1.2.1) from /home/stepan/.rbenv/versions/2.1.0/lib/ruby/gems/2.1.0/specifications/jekyll-watch-1.2.1.gemspec
I, [2016-10-08T21:33:48.734429 #27514]  INFO -- : 0:  kramdown (1.8.0) from /home/stepan/.rbenv/versions/2.1.0/lib/ruby/gems/2.1.0/specifications/kramdown-1.8.0.gemspec
I, [2016-10-08T21:33:50.486005 #27514]  INFO -- : 0:  liquid (2.6.3) from /home/stepan/.rbenv/versions/2.1.0/lib/ruby/gems/2.1.0/specifications/liquid-2.6.3.gemspec
I, [2016-10-08T21:33:51.153318 #27514]  INFO -- : 0:  mercenary (0.3.5) from /home/stepan/.rbenv/versions/2.1.0/lib/ruby/gems/2.1.0/specifications/mercenary-0.3.5.gemspec
I, [2016-10-08T21:33:53.287052 #27514]  INFO -- : 0:  posix-spawn (0.3.11) from /home/stepan/.rbenv/versions/2.1.0/lib/ruby/gems/2.1.0/specifications/posix-spawn-0.3.11.gemspec
I, [2016-10-08T21:33:56.095236 #27514]  INFO -- : 0:  yajl-ruby (1.2.1) from /home/stepan/.rbenv/versions/2.1.0/lib/ruby/gems/2.1.0/specifications/yajl-ruby-1.2.1.gemspec
I, [2016-10-08T21:34:00.992089 #27514]  INFO -- : 0:  pygments.rb (0.6.3) from /home/stepan/.rbenv/versions/2.1.0/lib/ruby/gems/2.1.0/specifications/pygments.rb-0.6.3.gemspec
I, [2016-10-08T21:34:04.367043 #27514]  INFO -- : 0:  redcarpet (3.3.2) from /home/stepan/.rbenv/versions/2.1.0/lib/ruby/gems/2.1.0/specifications/redcarpet-3.3.2.gemspec
I, [2016-10-08T21:34:05.012022 #27514]  INFO -- : 0:  safe_yaml (1.0.4) from /home/stepan/.rbenv/versions/2.1.0/lib/ruby/gems/2.1.0/specifications/safe_yaml-1.0.4.gemspec
I, [2016-10-08T21:34:05.012596 #27514]  INFO -- : 0:  parslet (1.5.0) from /home/stepan/.rbenv/versions/2.1.0/lib/ruby/gems/2.1.0/specifications/parslet-1.5.0.gemspec
I, [2016-10-08T21:34:06.295598 #27514]  INFO -- : 0:  toml (0.1.2) from /home/stepan/.rbenv/versions/2.1.0/lib/ruby/gems/2.1.0/specifications/toml-0.1.2.gemspec
I, [2016-10-08T21:34:08.263880 #27514]  INFO -- : 0:  jekyll (2.5.3) from /home/stepan/.rbenv/versions/2.1.0/lib/ruby/gems/2.1.0/specifications/jekyll-2.5.3.gemspec
I, [2016-10-08T21:34:10.876340 #27514]  INFO -- : 0:  rouge (1.9.1) from /home/stepan/.rbenv/versions/2.1.0/lib/ruby/gems/2.1.0/specifications/rouge-1.9.1.gemspec
I, [2016-10-08T21:34:10.876870 #27514]  INFO -- : 0:  bundler (1.5.1) from /home/stepan/.rbenv/versions/2.1.0/lib/ruby/gems/2.1.0/specifications/bundler-1.5.1.gemspec
